<?xml version="1.0" encoding="UTF-8"?>
<!-- Generated by org.testng.reporters.JUnitXMLReporter -->
<testsuite hostname="kannans-laptop" name="Default test" tests="4" failures="0" timestamp="3 Nov 2016 02:18:34 GMT" time="0.03" errors="0">
  <testcase name="extendTest1" time="0.0" classname="org.git.testng.TestNGExtend"/>
  <testcase name="BasicTest1" time="0.0" classname="org.git.testng.TestNGExtend"/>
  <testcase name="BasicTest2" time="0.0" classname="org.git.testng.TestNGExtend"/>
  <testcase name="BasicTest3" time="0.0" classname="org.git.testng.TestNGExtend"/>
</testsuite> <!-- Default test -->
