<?xml version="1.0" encoding="UTF-8"?>
<!-- Generated by org.testng.reporters.JUnitXMLReporter -->
<testsuite hostname="kannans-w05" name="Default test" tests="4" failures="0" timestamp="20 Jun 2017 17:17:08 GMT" time="0.033" errors="0">
  <testcase name="stringHndl" time="0.01" classname="org.git.beginner.StringHandler"/>
  <testcase name="stringHndl1" time="0.001" classname="org.git.beginner.StringHandler"/>
  <testcase name="stringHndl2" time="0.001" classname="org.git.beginner.StringHandler"/>
  <testcase name="stringRegex1" time="0.001" classname="org.git.beginner.StringHandler"/>
</testsuite> <!-- Default test -->
