<?xml version="1.0" encoding="UTF-8"?>
<testng-results skipped="0" failed="0" total="4" passed="4">
  <reporter-output>
  </reporter-output>
  <suite name="Default suite" duration-ms="106" started-at="2016-11-03T02:05:25Z" finished-at="2016-11-03T02:05:25Z">
    <groups>
    </groups>
    <test name="Default test" duration-ms="106" started-at="2016-11-03T02:05:25Z" finished-at="2016-11-03T02:05:25Z">
      <class name="org.git.testng.TestNGExtend">
        <test-method status="PASS" signature="preTest()[pri:0, instance:org.git.testng.TestNGExtend@cf72fd]" name="preTest" is-config="true" duration-ms="70" started-at="2016-11-03T07:35:25Z" finished-at="2016-11-03T07:35:25Z">
          <reporter-output>
          </reporter-output>
        </test-method> <!-- preTest -->
        <test-method status="PASS" signature="preMethod()[pri:0, instance:org.git.testng.TestNGExtend@cf72fd]" name="preMethod" is-config="true" duration-ms="0" started-at="2016-11-03T07:35:25Z" finished-at="2016-11-03T07:35:25Z">
          <reporter-output>
          </reporter-output>
        </test-method> <!-- preMethod -->
        <test-method status="PASS" signature="extendTest1()[pri:0, instance:org.git.testng.TestNGExtend@cf72fd]" name="extendTest1" duration-ms="7" started-at="2016-11-03T07:35:25Z" finished-at="2016-11-03T07:35:25Z">
          <reporter-output>
          </reporter-output>
        </test-method> <!-- extendTest1 -->
        <test-method status="PASS" signature="postMethod()[pri:0, instance:org.git.testng.TestNGExtend@cf72fd]" name="postMethod" is-config="true" duration-ms="0" started-at="2016-11-03T07:35:25Z" finished-at="2016-11-03T07:35:25Z">
          <reporter-output>
          </reporter-output>
        </test-method> <!-- postMethod -->
        <test-method status="PASS" signature="preMethod()[pri:0, instance:org.git.testng.TestNGExtend@cf72fd]" name="preMethod" is-config="true" duration-ms="0" started-at="2016-11-03T07:35:25Z" finished-at="2016-11-03T07:35:25Z">
          <reporter-output>
          </reporter-output>
        </test-method> <!-- preMethod -->
        <test-method status="PASS" signature="BasicTest1()[pri:0, instance:org.git.testng.TestNGExtend@cf72fd]" name="BasicTest1" duration-ms="0" started-at="2016-11-03T07:35:25Z" finished-at="2016-11-03T07:35:25Z">
          <reporter-output>
          </reporter-output>
        </test-method> <!-- BasicTest1 -->
        <test-method status="PASS" signature="preMethod()[pri:0, instance:org.git.testng.TestNGExtend@cf72fd]" name="preMethod" is-config="true" duration-ms="1" started-at="2016-11-03T07:35:25Z" finished-at="2016-11-03T07:35:25Z">
          <reporter-output>
          </reporter-output>
        </test-method> <!-- preMethod -->
        <test-method status="PASS" signature="postMethod()[pri:0, instance:org.git.testng.TestNGExtend@cf72fd]" name="postMethod" is-config="true" duration-ms="0" started-at="2016-11-03T07:35:25Z" finished-at="2016-11-03T07:35:25Z">
          <reporter-output>
          </reporter-output>
        </test-method> <!-- postMethod -->
        <test-method status="PASS" signature="BasicTest2()[pri:0, instance:org.git.testng.TestNGExtend@cf72fd]" name="BasicTest2" duration-ms="0" started-at="2016-11-03T07:35:25Z" finished-at="2016-11-03T07:35:25Z">
          <reporter-output>
          </reporter-output>
        </test-method> <!-- BasicTest2 -->
        <test-method status="PASS" signature="postMethod()[pri:0, instance:org.git.testng.TestNGExtend@cf72fd]" name="postMethod" is-config="true" duration-ms="0" started-at="2016-11-03T07:35:25Z" finished-at="2016-11-03T07:35:25Z">
          <reporter-output>
          </reporter-output>
        </test-method> <!-- postMethod -->
        <test-method status="PASS" signature="BasicTest3()[pri:0, instance:org.git.testng.TestNGExtend@cf72fd]" name="BasicTest3" duration-ms="1" started-at="2016-11-03T07:35:25Z" finished-at="2016-11-03T07:35:25Z">
          <reporter-output>
          </reporter-output>
        </test-method> <!-- BasicTest3 -->
        <test-method status="PASS" signature="preMethod()[pri:0, instance:org.git.testng.TestNGExtend@cf72fd]" name="preMethod" is-config="true" duration-ms="0" started-at="2016-11-03T07:35:25Z" finished-at="2016-11-03T07:35:25Z">
          <reporter-output>
          </reporter-output>
        </test-method> <!-- preMethod -->
        <test-method status="PASS" signature="postMethod()[pri:0, instance:org.git.testng.TestNGExtend@cf72fd]" name="postMethod" is-config="true" duration-ms="1" started-at="2016-11-03T07:35:25Z" finished-at="2016-11-03T07:35:25Z">
          <reporter-output>
          </reporter-output>
        </test-method> <!-- postMethod -->
        <test-method status="PASS" signature="postTest()[pri:0, instance:org.git.testng.TestNGExtend@cf72fd]" name="postTest" is-config="true" duration-ms="1" started-at="2016-11-03T07:35:25Z" finished-at="2016-11-03T07:35:25Z">
          <reporter-output>
          </reporter-output>
        </test-method> <!-- postTest -->
      </class> <!-- org.git.testng.TestNGExtend -->
    </test> <!-- Default test -->
  </suite> <!-- Default suite -->
</testng-results>
