<?xml version="1.0" encoding="UTF-8"?>
<testng-results skipped="0" failed="0" total="3" passed="3">
  <reporter-output>
  </reporter-output>
  <suite name="Default suite" duration-ms="171" started-at="2016-11-03T01:55:55Z" finished-at="2016-11-03T01:55:56Z">
    <groups>
    </groups>
    <test name="Default test" duration-ms="171" started-at="2016-11-03T01:55:55Z" finished-at="2016-11-03T01:55:56Z">
      <class name="org.git.testng.TestngSupport">
        <test-method status="PASS" signature="preTest()[pri:0, instance:org.git.testng.TestngSupport@c64813]" name="preTest" is-config="true" duration-ms="64" started-at="2016-11-03T07:25:55Z" finished-at="2016-11-03T07:25:56Z">
          <reporter-output>
          </reporter-output>
        </test-method> <!-- preTest -->
        <test-method status="PASS" signature="preMethod()[pri:0, instance:org.git.testng.TestngSupport@c64813]" name="preMethod" is-config="true" duration-ms="0" started-at="2016-11-03T07:25:56Z" finished-at="2016-11-03T07:25:56Z">
          <reporter-output>
          </reporter-output>
        </test-method> <!-- preMethod -->
        <test-method status="PASS" signature="BasicTest1()[pri:0, instance:org.git.testng.TestngSupport@c64813]" name="BasicTest1" duration-ms="7" started-at="2016-11-03T07:25:56Z" finished-at="2016-11-03T07:25:56Z">
          <reporter-output>
          </reporter-output>
        </test-method> <!-- BasicTest1 -->
        <test-method status="PASS" signature="postMethod()[pri:0, instance:org.git.testng.TestngSupport@c64813]" name="postMethod" is-config="true" duration-ms="0" started-at="2016-11-03T07:25:56Z" finished-at="2016-11-03T07:25:56Z">
          <reporter-output>
          </reporter-output>
        </test-method> <!-- postMethod -->
        <test-method status="PASS" signature="BasicTest2()[pri:0, instance:org.git.testng.TestngSupport@c64813]" name="BasicTest2" duration-ms="1" started-at="2016-11-03T07:25:56Z" finished-at="2016-11-03T07:25:56Z">
          <reporter-output>
          </reporter-output>
        </test-method> <!-- BasicTest2 -->
        <test-method status="PASS" signature="preMethod()[pri:0, instance:org.git.testng.TestngSupport@c64813]" name="preMethod" is-config="true" duration-ms="0" started-at="2016-11-03T07:25:56Z" finished-at="2016-11-03T07:25:56Z">
          <reporter-output>
          </reporter-output>
        </test-method> <!-- preMethod -->
        <test-method status="PASS" signature="postMethod()[pri:0, instance:org.git.testng.TestngSupport@c64813]" name="postMethod" is-config="true" duration-ms="0" started-at="2016-11-03T07:25:56Z" finished-at="2016-11-03T07:25:56Z">
          <reporter-output>
          </reporter-output>
        </test-method> <!-- postMethod -->
        <test-method status="PASS" signature="preMethod()[pri:0, instance:org.git.testng.TestngSupport@c64813]" name="preMethod" is-config="true" duration-ms="0" started-at="2016-11-03T07:25:56Z" finished-at="2016-11-03T07:25:56Z">
          <reporter-output>
          </reporter-output>
        </test-method> <!-- preMethod -->
        <test-method status="PASS" signature="BasicTest3()[pri:0, instance:org.git.testng.TestngSupport@c64813]" name="BasicTest3" duration-ms="1" started-at="2016-11-03T07:25:56Z" finished-at="2016-11-03T07:25:56Z">
          <reporter-output>
          </reporter-output>
        </test-method> <!-- BasicTest3 -->
        <test-method status="PASS" signature="postMethod()[pri:0, instance:org.git.testng.TestngSupport@c64813]" name="postMethod" is-config="true" duration-ms="0" started-at="2016-11-03T07:25:56Z" finished-at="2016-11-03T07:25:56Z">
          <reporter-output>
          </reporter-output>
        </test-method> <!-- postMethod -->
        <test-method status="PASS" signature="postTest()[pri:0, instance:org.git.testng.TestngSupport@c64813]" name="postTest" is-config="true" duration-ms="0" started-at="2016-11-03T07:25:56Z" finished-at="2016-11-03T07:25:56Z">
          <reporter-output>
          </reporter-output>
        </test-method> <!-- postTest -->
      </class> <!-- org.git.testng.TestngSupport -->
    </test> <!-- Default test -->
  </suite> <!-- Default suite -->
</testng-results>
